[ 2014-10-13T02:06:21+08:00 ]NOTICE:  : [8] Undefined index: username C:\wamp\www\v6\CMS\Temp\Compile\Admin\Index\index_06f859f3.php 第 21 行.

[ 2014-10-13T02:06:21+08:00 ]ERROR: 控制器中不存在动作welcome
[ 2014-10-13T02:10:19+08:00 ]NOTICE:  : [8] Undefined index: username C:\wamp\www\v6\CMS\Temp\Compile\Admin\Index\index_06f859f3.php 第 21 行.

[ 2014-10-13T02:10:19+08:00 ]ERROR: 控制器中不存在动作welcome
[ 2014-10-13T02:10:25+08:00 ]ERROR: 控制器CategoryController不存在
[ 2014-10-13T02:10:27+08:00 ]ERROR: 控制器CategoryController不存在
[ 2014-10-13T02:13:23+08:00 ]NOTICE:  : [8] Undefined index: username C:\wamp\www\v6\CMS\Temp\Compile\Admin\Index\index_06f859f3.php 第 21 行.

[ 2014-10-13T02:15:25+08:00 ]NOTICE:  : [8] Undefined index: username C:\wamp\www\v6\CMS\Temp\Compile\Admin\Index\index_06f859f3.php 第 21 行.

[ 2014-10-13T02:15:31+08:00 ]ERROR: 控制器ArticleController不存在
[ 2014-10-13T02:15:34+08:00 ]ERROR: 控制器中不存在动作add
[ 2014-10-13T02:30:12+08:00 ]NOTICE:  : [8] Undefined index: username C:\wamp\www\v6\CMS\Temp\Compile\Admin\Index\index_06f859f3.php 第 21 行.

[ 2014-10-13T02:39:18+08:00 ]NOTICE:  : [8] Undefined index: username C:\wamp\www\v6\CMS\Temp\Compile\Admin\Index\index_06f859f3.php 第 21 行.

[ 2014-10-13T02:39:22+08:00 ]ERROR: 控制器ArticleController不存在
[ 2014-10-13T02:40:34+08:00 ]NOTICE:  : [8] Undefined index: username C:\wamp\www\v6\CMS\Temp\Compile\Admin\Index\index_06f859f3.php 第 21 行.

[ 2014-10-13T02:40:35+08:00 ]NOTICE:  : [8] Undefined index: username C:\wamp\www\v6\CMS\Temp\Compile\Admin\Index\index_06f859f3.php 第 21 行.

[ 2014-10-13T02:40:36+08:00 ]NOTICE:  : [8] Undefined index: username C:\wamp\www\v6\CMS\Temp\Compile\Admin\Index\index_06f859f3.php 第 21 行.

[ 2014-10-13T02:40:55+08:00 ]NOTICE:  : [8] Undefined index: username C:\wamp\www\v6\CMS\Temp\Compile\Admin\Index\index_06f859f3.php 第 21 行.

[ 2014-10-13T02:40:56+08:00 ]NOTICE:  : [8] Undefined index: username C:\wamp\www\v6\CMS\Temp\Compile\Admin\Index\index_06f859f3.php 第 21 行.

[ 2014-10-13T02:40:56+08:00 ]NOTICE:  : [8] Undefined index: username C:\wamp\www\v6\CMS\Temp\Compile\Admin\Index\index_06f859f3.php 第 21 行.

[ 2014-10-13T02:40:57+08:00 ]NOTICE:  : [8] Undefined index: username C:\wamp\www\v6\CMS\Temp\Compile\Admin\Index\index_06f859f3.php 第 21 行.

[ 2014-10-13T02:40:57+08:00 ]NOTICE:  : [8] Undefined index: username C:\wamp\www\v6\CMS\Temp\Compile\Admin\Index\index_06f859f3.php 第 21 行.

[ 2014-10-13T02:40:58+08:00 ]NOTICE:  : [8] Undefined index: username C:\wamp\www\v6\CMS\Temp\Compile\Admin\Index\index_06f859f3.php 第 21 行.

[ 2014-10-13T02:40:58+08:00 ]NOTICE:  : [8] Undefined index: username C:\wamp\www\v6\CMS\Temp\Compile\Admin\Index\index_06f859f3.php 第 21 行.

[ 2014-10-13T02:40:59+08:00 ]NOTICE:  : [8] Undefined index: username C:\wamp\www\v6\CMS\Temp\Compile\Admin\Index\index_06f859f3.php 第 21 行.

[ 2014-10-13T02:42:26+08:00 ]NOTICE:  : [8] Undefined index: username C:\wamp\www\v6\CMS\Temp\Compile\Admin\Index\index_06f859f3.php 第 21 行.

[ 2014-10-13T02:42:27+08:00 ]ERROR: [Error]No database selected	show columns from `category` [Time]14-10-13 02:42 [File]C:\wamp\www\v6\CMS\Temp\~Boot.php [Line]1
[ 2014-10-13T02:42:27+08:00 ]NOTICE:  : [8] Undefined index: username C:\wamp\www\v6\CMS\Temp\Compile\Admin\Index\index_06f859f3.php 第 21 行.

[ 2014-10-13T02:42:27+08:00 ]ERROR: [Error]No database selected	show columns from `category` [Time]14-10-13 02:42 [File]C:\wamp\www\v6\CMS\Temp\~Boot.php [Line]1
[ 2014-10-13T02:42:37+08:00 ]ERROR: 控制器ConfigController不存在
[ 2014-10-13T02:42:38+08:00 ]ERROR: [Error]No database selected	show columns from `category` [Time]14-10-13 02:42 [File]C:\wamp\www\v6\CMS\Temp\~Boot.php [Line]1
[ 2014-10-13T02:44:03+08:00 ]NOTICE:  : [8] Undefined index: username C:\wamp\www\v6\CMS\Temp\Compile\Admin\Index\index_06f859f3.php 第 21 行.

[ 2014-10-13T02:44:03+08:00 ]ERROR: [Error]No database selected	show columns from `category` [Time]14-10-13 02:44 [File]C:\wamp\www\v6\CMS\Temp\~Boot.php [Line]1
[ 2014-10-13T02:44:05+08:00 ]NOTICE:  : [8] Undefined index: username C:\wamp\www\v6\CMS\Temp\Compile\Admin\Index\index_06f859f3.php 第 21 行.

[ 2014-10-13T02:44:05+08:00 ]ERROR: [Error]No database selected	show columns from `category` [Time]14-10-13 02:44 [File]C:\wamp\www\v6\CMS\Temp\~Boot.php [Line]1
[ 2014-10-13T02:44:05+08:00 ]NOTICE:  : [8] Undefined index: username C:\wamp\www\v6\CMS\Temp\Compile\Admin\Index\index_06f859f3.php 第 21 行.

[ 2014-10-13T02:44:05+08:00 ]ERROR: [Error]No database selected	show columns from `category` [Time]14-10-13 02:44 [File]C:\wamp\www\v6\CMS\Temp\~Boot.php [Line]1
[ 2014-10-13T02:44:05+08:00 ]NOTICE:  : [8] Undefined index: username C:\wamp\www\v6\CMS\Temp\Compile\Admin\Index\index_06f859f3.php 第 21 行.

[ 2014-10-13T02:44:06+08:00 ]ERROR: [Error]No database selected	show columns from `category` [Time]14-10-13 02:44 [File]C:\wamp\www\v6\CMS\Temp\~Boot.php [Line]1
[ 2014-10-13T02:44:06+08:00 ]NOTICE:  : [8] Undefined index: username C:\wamp\www\v6\CMS\Temp\Compile\Admin\Index\index_06f859f3.php 第 21 行.

[ 2014-10-13T02:44:06+08:00 ]ERROR: [Error]No database selected	show columns from `category` [Time]14-10-13 02:44 [File]C:\wamp\www\v6\CMS\Temp\~Boot.php [Line]1
[ 2014-10-13T02:44:18+08:00 ]NOTICE:  : [8] Undefined index: username C:\wamp\www\v6\CMS\Temp\Compile\Admin\Index\index_06f859f3.php 第 21 行.

[ 2014-10-13T02:44:19+08:00 ]NOTICE:  : [8] Undefined index: username C:\wamp\www\v6\CMS\Temp\Compile\Admin\Index\index_06f859f3.php 第 21 行.

[ 2014-10-13T02:44:38+08:00 ]NOTICE:  : [8] Undefined index: username C:\wamp\www\v6\CMS\Temp\Compile\Admin\Index\index_06f859f3.php 第 21 行.

[ 2014-10-13T02:46:07+08:00 ]NOTICE:  : [8] Undefined index: username C:\wamp\www\v6\CMS\Temp\Compile\Admin\Index\index_06f859f3.php 第 21 行.

[ 2014-10-13T02:46:07+08:00 ]ERROR: [Error]No database selected	show columns from `category` [Time]14-10-13 02:46 [File]C:\wamp\www\v6\CMS\Temp\~Boot.php [Line]1
[ 2014-10-13T02:46:08+08:00 ]NOTICE:  : [8] Undefined index: username C:\wamp\www\v6\CMS\Temp\Compile\Admin\Index\index_06f859f3.php 第 21 行.

[ 2014-10-13T02:46:08+08:00 ]ERROR: [Error]No database selected	show columns from `category` [Time]14-10-13 02:46 [File]C:\wamp\www\v6\CMS\Temp\~Boot.php [Line]1
[ 2014-10-13T02:46:09+08:00 ]NOTICE:  : [8] Undefined index: username C:\wamp\www\v6\CMS\Temp\Compile\Admin\Index\index_06f859f3.php 第 21 行.

[ 2014-10-13T02:46:09+08:00 ]NOTICE:  : [8] Undefined index: username C:\wamp\www\v6\CMS\Temp\Compile\Admin\Index\index_06f859f3.php 第 21 行.

[ 2014-10-13T02:46:09+08:00 ]NOTICE:  : [8] Undefined index: username C:\wamp\www\v6\CMS\Temp\Compile\Admin\Index\index_06f859f3.php 第 21 行.

[ 2014-10-13T02:46:09+08:00 ]NOTICE:  : [8] Undefined index: username C:\wamp\www\v6\CMS\Temp\Compile\Admin\Index\index_06f859f3.php 第 21 行.

[ 2014-10-13T02:46:09+08:00 ]NOTICE:  : [8] Undefined index: username C:\wamp\www\v6\CMS\Temp\Compile\Admin\Index\index_06f859f3.php 第 21 行.

[ 2014-10-13T02:46:09+08:00 ]NOTICE:  : [8] Undefined index: username C:\wamp\www\v6\CMS\Temp\Compile\Admin\Index\index_06f859f3.php 第 21 行.

[ 2014-10-13T02:46:09+08:00 ]NOTICE:  : [8] Undefined index: username C:\wamp\www\v6\CMS\Temp\Compile\Admin\Index\index_06f859f3.php 第 21 行.

[ 2014-10-13T02:46:09+08:00 ]ERROR: [Error]No database selected	show columns from `category` [Time]14-10-13 02:46 [File]C:\wamp\www\v6\CMS\Temp\~Boot.php [Line]1
[ 2014-10-13T02:46:10+08:00 ]ERROR: [Error]No database selected	show columns from `category` [Time]14-10-13 02:46 [File]C:\wamp\www\v6\CMS\Temp\~Boot.php [Line]1
[ 2014-10-13T02:46:11+08:00 ]ERROR: [Error]No database selected	show columns from `category` [Time]14-10-13 02:46 [File]C:\wamp\www\v6\CMS\Temp\~Boot.php [Line]1
[ 2014-10-13T02:46:11+08:00 ]ERROR: [Error]No database selected	show columns from `category` [Time]14-10-13 02:46 [File]C:\wamp\www\v6\CMS\Temp\~Boot.php [Line]1
[ 2014-10-13T02:46:11+08:00 ]ERROR: [Error]No database selected	show columns from `category` [Time]14-10-13 02:46 [File]C:\wamp\www\v6\CMS\Temp\~Boot.php [Line]1
[ 2014-10-13T02:46:11+08:00 ]ERROR: [Error]No database selected	show columns from `category` [Time]14-10-13 02:46 [File]C:\wamp\www\v6\CMS\Temp\~Boot.php [Line]1
[ 2014-10-13T02:47:33+08:00 ]ERROR: [Error]No database selected	show columns from `category` [Time]14-10-13 02:47 [File]C:\wamp\www\v6\CMS\Temp\~Boot.php [Line]1
[ 2014-10-13T02:47:34+08:00 ]ERROR: [Error]No database selected	show columns from `category` [Time]14-10-13 02:47 [File]C:\wamp\www\v6\CMS\Temp\~Boot.php [Line]1
[ 2014-10-13T02:48:17+08:00 ]ERROR: [Error]No database selected	show columns from `category` [Time]14-10-13 02:48 [File]C:\wamp\www\v6\CMS\Temp\~Boot.php [Line]1
[ 2014-10-13T02:48:18+08:00 ]ERROR: [Error]No database selected	show columns from `category` [Time]14-10-13 02:48 [File]C:\wamp\www\v6\CMS\Temp\~Boot.php [Line]1
[ 2014-10-13T02:48:26+08:00 ]ERROR: [Error]No database selected	show columns from `category` [Time]14-10-13 02:48 [File]C:\wamp\www\v6\CMS\Temp\~Boot.php [Line]1
[ 2014-10-13T02:48:27+08:00 ]ERROR: [Error]No database selected	show columns from `category` [Time]14-10-13 02:48 [File]C:\wamp\www\v6\CMS\Temp\~Boot.php [Line]1
[ 2014-10-13T02:48:29+08:00 ]NOTICE:  : [8] Undefined index: username C:\wamp\www\v6\CMS\Temp\Compile\Admin\Index\index_06f859f3.php 第 21 行.

[ 2014-10-13T02:48:29+08:00 ]ERROR: [Error]No database selected	show columns from `category` [Time]14-10-13 02:48 [File]C:\wamp\www\v6\CMS\Temp\~Boot.php [Line]1
[ 2014-10-13T02:48:29+08:00 ]NOTICE:  : [8] Undefined index: username C:\wamp\www\v6\CMS\Temp\Compile\Admin\Index\index_06f859f3.php 第 21 行.

[ 2014-10-13T02:48:30+08:00 ]ERROR: [Error]No database selected	show columns from `category` [Time]14-10-13 02:48 [File]C:\wamp\www\v6\CMS\Temp\~Boot.php [Line]1
[ 2014-10-13T02:48:30+08:00 ]NOTICE:  : [8] Undefined index: username C:\wamp\www\v6\CMS\Temp\Compile\Admin\Index\index_06f859f3.php 第 21 行.

[ 2014-10-13T02:48:30+08:00 ]ERROR: [Error]No database selected	show columns from `category` [Time]14-10-13 02:48 [File]C:\wamp\www\v6\CMS\Temp\~Boot.php [Line]1
[ 2014-10-13T02:48:30+08:00 ]NOTICE:  : [8] Undefined index: username C:\wamp\www\v6\CMS\Temp\Compile\Admin\Index\index_06f859f3.php 第 21 行.

[ 2014-10-13T02:48:30+08:00 ]ERROR: [Error]No database selected	show columns from `category` [Time]14-10-13 02:48 [File]C:\wamp\www\v6\CMS\Temp\~Boot.php [Line]1
[ 2014-10-13T02:48:30+08:00 ]NOTICE:  : [8] Undefined index: username C:\wamp\www\v6\CMS\Temp\Compile\Admin\Index\index_06f859f3.php 第 21 行.

[ 2014-10-13T02:48:30+08:00 ]ERROR: [Error]No database selected	show columns from `category` [Time]14-10-13 02:48 [File]C:\wamp\www\v6\CMS\Temp\~Boot.php [Line]1
[ 2014-10-13T02:48:30+08:00 ]NOTICE:  : [8] Undefined index: username C:\wamp\www\v6\CMS\Temp\Compile\Admin\Index\index_06f859f3.php 第 21 行.

[ 2014-10-13T02:48:30+08:00 ]ERROR: [Error]No database selected	show columns from `category` [Time]14-10-13 02:48 [File]C:\wamp\www\v6\CMS\Temp\~Boot.php [Line]1
[ 2014-10-13T02:48:32+08:00 ]ERROR: [Error]No database selected	show columns from `category` [Time]14-10-13 02:48 [File]C:\wamp\www\v6\CMS\Temp\~Boot.php [Line]1
[ 2014-10-13T02:48:32+08:00 ]ERROR: [Error]No database selected	show columns from `category` [Time]14-10-13 02:48 [File]C:\wamp\www\v6\CMS\Temp\~Boot.php [Line]1
[ 2014-10-13T02:48:32+08:00 ]ERROR: [Error]No database selected	show columns from `category` [Time]14-10-13 02:48 [File]C:\wamp\www\v6\CMS\Temp\~Boot.php [Line]1
[ 2014-10-13T02:48:54+08:00 ]ERROR: [Error]No database selected	show columns from `category` [Time]14-10-13 02:48 [File]C:\wamp\www\v6\CMS\Temp\~Boot.php [Line]1
[ 2014-10-13T02:48:54+08:00 ]ERROR: [Error]No database selected	show columns from `category` [Time]14-10-13 02:48 [File]C:\wamp\www\v6\CMS\Temp\~Boot.php [Line]1
[ 2014-10-13T02:48:54+08:00 ]ERROR: [Error]No database selected	show columns from `category` [Time]14-10-13 02:48 [File]C:\wamp\www\v6\CMS\Temp\~Boot.php [Line]1
[ 2014-10-13T02:48:55+08:00 ]ERROR: [Error]No database selected	show columns from `category` [Time]14-10-13 02:48 [File]C:\wamp\www\v6\CMS\Temp\~Boot.php [Line]1
[ 2014-10-13T02:48:55+08:00 ]ERROR: [Error]No database selected	show columns from `category` [Time]14-10-13 02:48 [File]C:\wamp\www\v6\CMS\Temp\~Boot.php [Line]1
[ 2014-10-13T02:48:55+08:00 ]ERROR: [Error]No database selected	show columns from `category` [Time]14-10-13 02:48 [File]C:\wamp\www\v6\CMS\Temp\~Boot.php [Line]1
[ 2014-10-13T02:48:55+08:00 ]ERROR: [Error]No database selected	show columns from `category` [Time]14-10-13 02:48 [File]C:\wamp\www\v6\CMS\Temp\~Boot.php [Line]1
[ 2014-10-13T02:48:56+08:00 ]ERROR: [Error]No database selected	show columns from `category` [Time]14-10-13 02:48 [File]C:\wamp\www\v6\CMS\Temp\~Boot.php [Line]1
[ 2014-10-13T02:48:56+08:00 ]ERROR: [Error]No database selected	show columns from `category` [Time]14-10-13 02:48 [File]C:\wamp\www\v6\CMS\Temp\~Boot.php [Line]1
[ 2014-10-13T02:48:56+08:00 ]ERROR: [Error]No database selected	show columns from `category` [Time]14-10-13 02:48 [File]C:\wamp\www\v6\CMS\Temp\~Boot.php [Line]1
[ 2014-10-13T02:48:56+08:00 ]ERROR: [Error]No database selected	show columns from `category` [Time]14-10-13 02:48 [File]C:\wamp\www\v6\CMS\Temp\~Boot.php [Line]1
[ 2014-10-13T02:48:57+08:00 ]ERROR: [Error]No database selected	show columns from `category` [Time]14-10-13 02:48 [File]C:\wamp\www\v6\CMS\Temp\~Boot.php [Line]1
[ 2014-10-13T02:48:57+08:00 ]ERROR: [Error]No database selected	show columns from `category` [Time]14-10-13 02:48 [File]C:\wamp\www\v6\CMS\Temp\~Boot.php [Line]1
[ 2014-10-13T02:48:57+08:00 ]ERROR: [Error]No database selected	show columns from `category` [Time]14-10-13 02:48 [File]C:\wamp\www\v6\CMS\Temp\~Boot.php [Line]1
[ 2014-10-13T02:48:57+08:00 ]ERROR: [Error]No database selected	show columns from `category` [Time]14-10-13 02:48 [File]C:\wamp\www\v6\CMS\Temp\~Boot.php [Line]1
[ 2014-10-13T02:48:57+08:00 ]ERROR: [Error]No database selected	show columns from `category` [Time]14-10-13 02:48 [File]C:\wamp\www\v6\CMS\Temp\~Boot.php [Line]1
[ 2014-10-13T02:48:58+08:00 ]ERROR: [Error]No database selected	show columns from `category` [Time]14-10-13 02:48 [File]C:\wamp\www\v6\CMS\Temp\~Boot.php [Line]1
[ 2014-10-13T02:48:58+08:00 ]ERROR: [Error]No database selected	show columns from `category` [Time]14-10-13 02:48 [File]C:\wamp\www\v6\CMS\Temp\~Boot.php [Line]1
[ 2014-10-13T02:48:58+08:00 ]ERROR: [Error]No database selected	show columns from `category` [Time]14-10-13 02:48 [File]C:\wamp\www\v6\CMS\Temp\~Boot.php [Line]1
[ 2014-10-13T02:48:59+08:00 ]ERROR: [Error]No database selected	show columns from `category` [Time]14-10-13 02:48 [File]C:\wamp\www\v6\CMS\Temp\~Boot.php [Line]1
[ 2014-10-13T02:48:59+08:00 ]ERROR: [Error]No database selected	show columns from `category` [Time]14-10-13 02:48 [File]C:\wamp\www\v6\CMS\Temp\~Boot.php [Line]1
[ 2014-10-13T02:49:15+08:00 ]NOTICE:  : [8] Undefined variable: cate C:\wamp\www\v6\CMS\Admin\Controller\CategoryController.class.php 第 11 行.

[ 2014-10-13T02:49:46+08:00 ]NOTICE:  : [8] Undefined variable: cate C:\wamp\www\v6\CMS\Admin\Controller\CategoryController.class.php 第 11 行.

[ 2014-10-13T02:49:58+08:00 ]ERROR: [Error]No database selected	show columns from `category` [Time]14-10-13 02:49 [File]C:\wamp\www\v6\CMS\Temp\~Boot.php [Line]1
